Traceback (most recent call last):
  File "D:\hrmo-e-logbook-v2\routes\backup_routes.py", line 48, in download_backup
    json_data = json.dumps(data, indent=2, cls=DateTimeEncoder)
  File "C:\Users\ASUS-X\anaconda3\envs\tf\lib\json\__init__.py", line 234, in dumps
    return cls(
  File "C:\Users\ASUS-X\anaconda3\envs\tf\lib\json\encoder.py", line 201, in encode
    chunks = list(chunks)
  File "C:\Users\ASUS-X\anaconda3\envs\tf\lib\json\encoder.py", line 429, in _iterencode
    yield from _iterencode_list(o, _current_indent_level)
  File "C:\Users\ASUS-X\anaconda3\envs\tf\lib\json\encoder.py", line 325, in _iterencode_list
    yield from chunks
  File "C:\Users\ASUS-X\anaconda3\envs\tf\lib\json\encoder.py", line 405, in _iterencode_dict
    yield from chunks
  File "C:\Users\ASUS-X\anaconda3\envs\tf\lib\json\encoder.py", line 438, in _iterencode
    o = _default(o)
  File "D:\hrmo-e-logbook-v2\routes\backup_routes.py", line 16, in default
    return super(DateTimeEncoder, self).default(obj)
  File "C:\Users\ASUS-X\anaconda3\envs\tf\lib\json\encoder.py", line 179, in default
    raise TypeError(f'Object of type {o.__class__.__name__} '
TypeError: Object of type bytes is not JSON serializable
